{
  "RSpec": {
    "coverage": {
      "/Users/andreydeineko/Desktop/shopping_list/app/models/user.rb": [
        1,
        null,
        1,
        null,
        1,
        0,
        null,
        null,
        1,
        0,
        null,
        null,
        null,
        1,
        null,
        null,
        null,
        1,
        null,
        1,
        null
      ],
      "/Users/andreydeineko/Desktop/shopping_list/app/helpers/application_helper.rb": [
        1,
        1,
        0,
        0,
        null,
        0,
        null,
        null,
        null,
        null,
        null,
        0,
        null,
        null,
        1,
        0,
        null,
        null,
        1,
        0,
        null,
        null,
        1,
        0,
        null,
        null,
        1,
        0,
        null,
        null,
        1,
        0,
        null,
        null,
        1,
        0,
        null,
        null,
        null
      ],
      "/Users/andreydeineko/Desktop/shopping_list/app/helpers/items_helper.rb": [
        1,
        null
      ],
      "/Users/andreydeineko/Desktop/shopping_list/app/helpers/list_helper.rb": [
        1,
        null
      ],
      "/Users/andreydeineko/Desktop/shopping_list/app/helpers/render_comments_tree_helper.rb": [
        null,
        null,
        null,
        null,
        null,
        null,
        null,
        null,
        null,
        1,
        1,
        1,
        1,
        null,
        null,
        1,
        0,
        null,
        null,
        1,
        0,
        null,
        null,
        null,
        1,
        0,
        null,
        null,
        1,
        0,
        null,
        null,
        null,
        1,
        0,
        0,
        null,
        0,
        null,
        0,
        0,
        0,
        0,
        null,
        null,
        null,
        1,
        0,
        0,
        null,
        null,
        0,
        null,
        null,
        null,
        null,
        null,
        null,
        null,
        null,
        1,
        null,
        0,
        null,
        null,
        null,
        null,
        null,
        null,
        null,
        null,
        null,
        null,
        null,
        null,
        null,
        1,
        null,
        0,
        null,
        null,
        null,
        null,
        1,
        0,
        null,
        null,
        null,
        null,
        null,
        1,
        0,
        0,
        null,
        null,
        null,
        1,
        0,
        0,
        null,
        null,
        null,
        1,
        0,
        null,
        null,
        1,
        0,
        null,
        null,
        null,
        null
      ],
      "/Users/andreydeineko/Desktop/shopping_list/app/helpers/welcome_helper.rb": [
        1,
        null
      ]
    },
    "timestamp": 1389886532
  }
}
