{
  "RSpec": {
    "coverage": {
      "/Users/andreydeineko/Desktop/projects/shopping_list/app/controllers/application_controller.rb": [
        1,
        null,
        null,
        1,
        null,
        1,
        null,
        1,
        null,
        1,
        6,
        0,
        null,
        null,
        null,
        null,
        null,
        null,
        null,
        null,
        null,
        null
      ],
      "/Users/andreydeineko/Desktop/projects/shopping_list/app/helpers/application_helper.rb": [
        1,
        1,
        0,
        0,
        null,
        0,
        null,
        null,
        null,
        null,
        null,
        0,
        null,
        null,
        1,
        2,
        null,
        null,
        1,
        0,
        null,
        null,
        1,
        0,
        null,
        null,
        1,
        0,
        null,
        null,
        1,
        0,
        null,
        null,
        1,
        0,
        null,
        null,
        null
      ],
      "/Users/andreydeineko/Desktop/projects/shopping_list/app/helpers/comments_helper.rb": [
        1,
        null
      ],
      "/Users/andreydeineko/Desktop/projects/shopping_list/app/helpers/items_helper.rb": [
        1,
        null
      ],
      "/Users/andreydeineko/Desktop/projects/shopping_list/app/helpers/list_helper.rb": [
        1,
        null
      ],
      "/Users/andreydeineko/Desktop/projects/shopping_list/app/helpers/welcome_helper.rb": [
        1,
        null
      ],
      "/Users/andreydeineko/Desktop/projects/shopping_list/app/admin/dashboard.rb": [
        1,
        1,
        null,
        1,
        null,
        0,
        0,
        0,
        0,
        0,
        0,
        null,
        null,
        0,
        null,
        null,
        null,
        null,
        null,
        null,
        null,
        null,
        null,
        null,
        null,
        null,
        null,
        null,
        null,
        null,
        null,
        null,
        null,
        null
      ],
      "/Users/andreydeineko/Desktop/projects/shopping_list/app/admin/item.rb": [
        1,
        null,
        1,
        null,
        1,
        1,
        1,
        1,
        1,
        1,
        0,
        null,
        null,
        1,
        null,
        0,
        0,
        0,
        0,
        0,
        null,
        0,
        0,
        0,
        0,
        0,
        null,
        0,
        0,
        0,
        null,
        0,
        null,
        null,
        1,
        0,
        0,
        0,
        0,
        0,
        null,
        0,
        0,
        null,
        0,
        0,
        null,
        0,
        0,
        null,
        0,
        0,
        null,
        null,
        0,
        null,
        null,
        null
      ],
      "/Users/andreydeineko/Desktop/projects/shopping_list/app/models/item.rb": [
        1,
        1,
        null,
        null,
        1,
        null,
        null,
        1,
        1,
        null,
        null,
        1,
        1,
        null,
        3,
        null,
        1,
        0,
        null,
        null,
        null
      ],
      "/Users/andreydeineko/Desktop/projects/shopping_list/app/admin/user.rb": [
        1,
        null,
        1,
        null,
        1,
        1,
        1,
        null,
        1,
        0,
        0,
        0,
        0,
        0,
        0,
        null,
        0,
        null,
        null,
        null
      ],
      "/Users/andreydeineko/Desktop/projects/shopping_list/app/models/user.rb": [
        1,
        null,
        1,
        0,
        0,
        null,
        0,
        0,
        null,
        0,
        null,
        null,
        1,
        0,
        0,
        null,
        0,
        0,
        null,
        0,
        null,
        null,
        null,
        1,
        null,
        null,
        null,
        null,
        1,
        1,
        null,
        1,
        null,
        null,
        1,
        1,
        null
      ],
      "/Users/andreydeineko/Desktop/projects/shopping_list/app/mailers/notifier.rb": [
        1,
        1,
        null,
        1,
        0,
        0,
        null,
        null
      ],
      "/Users/andreydeineko/Desktop/projects/shopping_list/app/models/comment.rb": [
        1,
        null,
        1,
        1,
        null,
        1,
        null,
        null,
        1,
        null,
        null,
        1,
        null,
        1,
        0,
        null,
        null,
        null,
        null
      ],
      "/Users/andreydeineko/Desktop/projects/shopping_list/app/controllers/welcome_controller.rb": [
        1,
        1,
        null,
        null
      ],
      "/Users/andreydeineko/Desktop/projects/shopping_list/app/controllers/authenticated/items_controller.rb": [
        1,
        1,
        null,
        1,
        null,
        1,
        2,
        2,
        null,
        null,
        1,
        0,
        0,
        0,
        null,
        null,
        1,
        0,
        0,
        0,
        null,
        0,
        null,
        null,
        null,
        1,
        0,
        null,
        null,
        1,
        0,
        0,
        0,
        null,
        0,
        null,
        null,
        null,
        null,
        1,
        0,
        0,
        null,
        null,
        null,
        null,
        1,
        0,
        0,
        0,
        null,
        null,
        1,
        0,
        0,
        0,
        null,
        null,
        1,
        null,
        1,
        0,
        null,
        null,
        1,
        0,
        null,
        null,
        1,
        0,
        null,
        null,
        null
      ],
      "/Users/andreydeineko/Desktop/projects/shopping_list/app/controllers/authenticated/base_controller.rb": [
        1,
        1,
        null
      ]
    },
    "timestamp": 1395667054
  }
}
